<?xml version="1.0" encoding="UTF-8"?>
<testsuite name="SeleniumTest" tests="12" skipped="0" failures="0" errors="0" timestamp="2021-11-15T19:26:47" hostname="DESKTOP-PENQDT8" time="148.083">
  <properties/>
  <testcase name="failedVerification()" classname="SeleniumTest" time="11.536"/>
  <testcase name="verification()" classname="SeleniumTest" time="9.205"/>
  <testcase name="blankSignIn()" classname="SeleniumTest" time="7.438"/>
  <testcase name="signIn()" classname="SeleniumTest" time="10.714"/>
  <testcase name="addToCart()" classname="SeleniumTest" time="25.164"/>
  <testcase name="directionShop()" classname="SeleniumTest" time="22.39"/>
  <testcase name="deleteToCart()" classname="SeleniumTest" time="6.761"/>
  <testcase name="changeSize()" classname="SeleniumTest" time="9.453"/>
  <testcase name="blankSearch()" classname="SeleniumTest" time="8.017"/>
  <testcase name="nonsenseSearch()" classname="SeleniumTest" time="20.208"/>
  <testcase name="blankCustomerMessage()" classname="SeleniumTest" time="8.241"/>
  <testcase name="customerMessage()" classname="SeleniumTest" time="8.927"/>
  <system-out><![CDATA[]]></system-out>
  <system-err><![CDATA[SLF4J: Failed to load class "org.slf4j.impl.StaticLoggerBinder".
SLF4J: Defaulting to no-operation (NOP) logger implementation
SLF4J: See http://www.slf4j.org/codes.html#StaticLoggerBinder for further details.
1637004396868	geckodriver	INFO	Listening on 127.0.0.1:59300
1637004397832	mozrunner::runner	INFO	Running command: "C:\\Program Files\\Mozilla Firefox\\firefox.exe" "--marionette" "--remote-debugging-port" "54754" "-no-remote" "-profile" "C:\\Users\\Jericor\\AppData\\Local\\Temp\\rust_mozprofilegc0ZcV"
1637004398775	Marionette	INFO	Marionette enabled
[GFX1-]: DoesD3D11TextureSharingWork_ColorMismatch
[GFX1-]: DoesD3D11TextureSharingWork_ColorMismatch
console.warn: SearchSettings: "get: No settings file exists, new profile?" (new NotFoundError("Could not open the file at C:\\Users\\Jericor\\AppData\\Local\\Temp\\rust_mozprofilegc0ZcV\\search.json.mozlz4", (void 0)))
DevTools listening on ws://localhost:54754/devtools/browser/74377965-5d95-40f6-a595-2891ad8dcf9b
1637004405795	Marionette	INFO	Listening on port 55500
1637004406397	RemoteAgent	WARN	TLS certificate errors will be ignored for this session
nov. 15, 2021 4:26:46 P. M. org.openqa.selenium.remote.ProtocolHandshake createSession
INFO: Detected dialect: W3C
1637004555266	Marionette	INFO	Stopped listening on port 55500
]]></system-err>
</testsuite>
